src/openVPN/main/build/outputs/logs/manifest-merger-ovpn3-release-report.txt
-- Merging decision tree log ---
manifest
ADDED from src/main/AndroidManifest.xml:5:1-236:12
INJECTED from src/main/AndroidManifest.xml:5:1-236:12
INJECTED from src/main/AndroidManifest.xml:5:1-236:12
MERGED from [com.android.support.constraint:constraint-layout:1.0.2] AndroidManifest.xml:2:1-11:12
MERGED from [com.android.support:cardview-v7:27.0.2] AndroidManifest.xml:17:1-22:12
MERGED from [com.android.support:recyclerview-v7:27.0.2] AndroidManifest.xml:17:1-22:12
MERGED from [com.android.support:support-core-ui:27.0.2] AndroidManifest.xml:17:1-22:12
MERGED from [com.android.support:support-compat:27.0.2] AndroidManifest.xml:17:1-22:12
MERGED from [android.arch.lifecycle:runtime:1.0.3] AndroidManifest.xml:17:1-24:12
INJECTED from src/main/AndroidManifest.xml:5:1-236:12
INJECTED from src/main/AndroidManifest.xml:5:1-236:12
	package
		ADDED from src/main/AndroidManifest.xml:7:5-32
	android:versionName
		INJECTED from src/main/AndroidManifest.xml
		ADDED from src/main/AndroidManifest.xml:5:1-236:12
		INJECTED from src/main/AndroidManifest.xml
	xmlns:tools
		ADDED from src/main/AndroidManifest.xml:6:5-51
	android:versionCode
		INJECTED from src/main/AndroidManifest.xml
		ADDED from src/main/AndroidManifest.xml:5:1-236:12
		INJECTED from src/main/AndroidManifest.xml
	xmlns:android
		ADDED from src/main/AndroidManifest.xml:5:11-69
uses-permission#android.permission.INTERNET
ADDED from src/main/AndroidManifest.xml:9:5-67
	android:name
		ADDED from src/main/AndroidManifest.xml:9:22-64
uses-permission#android.permission.ACCESS_NETWORK_STATE
ADDED from src/main/AndroidManifest.xml:10:5-79
	android:name
		ADDED from src/main/AndroidManifest.xml:10:22-76
uses-permission#android.permission.RECEIVE_BOOT_COMPLETED
ADDED from src/main/AndroidManifest.xml:12:5-81
	android:name
		ADDED from src/main/AndroidManifest.xml:12:22-78
uses-permission#android.permission.READ_EXTERNAL_STORAGE
ADDED from src/main/AndroidManifest.xml:13:5-80
	android:name
		ADDED from src/main/AndroidManifest.xml:13:22-77
uses-feature#android.software.leanback
ADDED from src/main/AndroidManifest.xml:19:5-21:36
	android:required
		ADDED from src/main/AndroidManifest.xml:21:9-33
	android:name
		ADDED from src/main/AndroidManifest.xml:20:9-49
uses-feature#android.hardware.touchscreen
ADDED from src/main/AndroidManifest.xml:22:5-24:36
	android:required
		ADDED from src/main/AndroidManifest.xml:24:9-33
	android:name
		ADDED from src/main/AndroidManifest.xml:23:9-52
application
ADDED from src/main/AndroidManifest.xml:26:5-234:19
MERGED from [com.android.support.constraint:constraint-layout:1.0.2] AndroidManifest.xml:9:5-20
MERGED from [com.android.support.constraint:constraint-layout:1.0.2] AndroidManifest.xml:9:5-20
	android:supportsRtl
		ADDED from src/main/AndroidManifest.xml:33:9-35
	android:label
		ADDED from src/main/AndroidManifest.xml:32:9-36
	android:appCategory
		ADDED from src/main/AndroidManifest.xml:29:9-43
	tools:ignore
		ADDED from src/main/AndroidManifest.xml:35:9-39
	android:icon
		ADDED from src/main/AndroidManifest.xml:31:9-43
	android:allowBackup
		ADDED from src/main/AndroidManifest.xml:28:9-35
	android:banner
		ADDED from src/main/AndroidManifest.xml:30:9-43
	android:theme
		ADDED from src/main/AndroidManifest.xml:34:9-38
	android:name
		ADDED from src/main/AndroidManifest.xml:27:9-51
activity#de.blinkt.openvpn.activities.VPNPreferences
ADDED from src/main/AndroidManifest.xml:36:9-39:57
	android:windowSoftInputMode
		ADDED from src/main/AndroidManifest.xml:39:13-54
	android:exported
		ADDED from src/main/AndroidManifest.xml:38:13-37
	android:name
		ADDED from src/main/AndroidManifest.xml:37:13-54
activity#de.blinkt.openvpn.activities.DisconnectVPN
ADDED from src/main/AndroidManifest.xml:40:9-46:52
	android:excludeFromRecents
		ADDED from src/main/AndroidManifest.xml:43:13-46
	android:autoRemoveFromRecents
		ADDED from src/main/AndroidManifest.xml:42:13-49
	android:noHistory
		ADDED from src/main/AndroidManifest.xml:44:13-37
	android:theme
		ADDED from src/main/AndroidManifest.xml:46:13-49
	android:taskAffinity
		ADDED from src/main/AndroidManifest.xml:45:13-50
	android:name
		ADDED from src/main/AndroidManifest.xml:41:13-53
activity#de.blinkt.openvpn.activities.LogWindow
ADDED from src/main/AndroidManifest.xml:47:9-51:47
	android:label
		ADDED from src/main/AndroidManifest.xml:50:13-48
	android:launchMode
		ADDED from src/main/AndroidManifest.xml:51:13-44
	android:allowTaskReparenting
		ADDED from src/main/AndroidManifest.xml:49:13-48
	android:name
		ADDED from src/main/AndroidManifest.xml:48:13-49
activity#de.blinkt.openvpn.activities.FileSelect
ADDED from src/main/AndroidManifest.xml:52:9-59
	android:name
		ADDED from src/main/AndroidManifest.xml:52:19-56
activity#de.blinkt.openvpn.activities.MainActivity
ADDED from src/main/AndroidManifest.xml:53:9-63:20
	tools:ignore
		ADDED from src/main/AndroidManifest.xml:55:13-44
	android:name
		ADDED from src/main/AndroidManifest.xml:54:13-52
intent-filter#android.intent.action.MAIN+android.intent.category.BROWSABLE+android.intent.category.LAUNCHER+android.intent.category.LEANBACK_LAUNCHER
ADDED from src/main/AndroidManifest.xml:56:13-62:29
action#android.intent.action.MAIN
ADDED from src/main/AndroidManifest.xml:57:17-69
	android:name
		ADDED from src/main/AndroidManifest.xml:57:25-66
category#android.intent.category.LEANBACK_LAUNCHER
ADDED from src/main/AndroidManifest.xml:59:17-86
	android:name
		ADDED from src/main/AndroidManifest.xml:59:27-83
category#android.intent.category.BROWSABLE
ADDED from src/main/AndroidManifest.xml:60:17-78
	android:name
		ADDED from src/main/AndroidManifest.xml:60:27-75
category#android.intent.category.LAUNCHER
ADDED from src/main/AndroidManifest.xml:61:17-77
	android:name
		ADDED from src/main/AndroidManifest.xml:61:27-74
service#de.blinkt.openvpn.core.OpenVPNService
ADDED from src/main/AndroidManifest.xml:65:9-72:19
	android:process
		ADDED from src/main/AndroidManifest.xml:68:13-39
	android:permission
		ADDED from src/main/AndroidManifest.xml:67:13-69
	android:name
		ADDED from src/main/AndroidManifest.xml:66:13-48
intent-filter#android.net.VpnService
ADDED from src/main/AndroidManifest.xml:69:13-71:29
action#android.net.VpnService
ADDED from src/main/AndroidManifest.xml:70:17-65
	android:name
		ADDED from src/main/AndroidManifest.xml:70:25-62
service#de.blinkt.openvpn.api.ExternalOpenVPNService
ADDED from src/main/AndroidManifest.xml:73:9-80:19
	android:process
		ADDED from src/main/AndroidManifest.xml:75:13-39
	tools:ignore
		ADDED from src/main/AndroidManifest.xml:76:13-43
	android:name
		ADDED from src/main/AndroidManifest.xml:74:13-55
intent-filter#de.blinkt.openvpn.api.IOpenVPNAPIService
ADDED from src/main/AndroidManifest.xml:77:13-79:29
action#de.blinkt.openvpn.api.IOpenVPNAPIService
ADDED from src/main/AndroidManifest.xml:78:17-83
	android:name
		ADDED from src/main/AndroidManifest.xml:78:25-80
service#de.blinkt.openvpn.core.OpenVPNStatusService
ADDED from src/main/AndroidManifest.xml:81:9-84:42
	android:process
		ADDED from src/main/AndroidManifest.xml:84:13-39
	android:exported
		ADDED from src/main/AndroidManifest.xml:83:13-37
	android:name
		ADDED from src/main/AndroidManifest.xml:82:13-54
service#de.blinkt.openvpn.OpenVPNTileService
ADDED from src/main/AndroidManifest.xml:85:9-98:19
	android:label
		ADDED from src/main/AndroidManifest.xml:88:13-45
	android:permission
		ADDED from src/main/AndroidManifest.xml:89:13-77
	android:icon
		ADDED from src/main/AndroidManifest.xml:87:13-46
	android:value
		ADDED from src/main/AndroidManifest.xml:90:13-33
	android:name
		ADDED from src/main/AndroidManifest.xml:86:13-47
intent-filter#android.service.quicksettings.action.QS_TILE
ADDED from src/main/AndroidManifest.xml:91:13-93:29
action#android.service.quicksettings.action.QS_TILE
ADDED from src/main/AndroidManifest.xml:92:17-87
	android:name
		ADDED from src/main/AndroidManifest.xml:92:25-84
meta-data#android.service.quicksettings.ACTIVE_TILE
ADDED from src/main/AndroidManifest.xml:95:13-97:41
	android:value
		ADDED from src/main/AndroidManifest.xml:97:17-38
	android:name
		ADDED from src/main/AndroidManifest.xml:96:17-73
activity#de.blinkt.openvpn.api.GrantPermissionsActivity
ADDED from src/main/AndroidManifest.xml:100:9-104:20
	android:name
		ADDED from src/main/AndroidManifest.xml:100:19-63
intent-filter#android.intent.action.MAIN
ADDED from src/main/AndroidManifest.xml:101:13-103:29
activity#de.blinkt.openvpn.api.ConfirmDialog
ADDED from src/main/AndroidManifest.xml:105:9-109:20
	android:name
		ADDED from src/main/AndroidManifest.xml:105:19-52
receiver#de.blinkt.openvpn.OnBootReceiver
ADDED from src/main/AndroidManifest.xml:111:9-116:20
	android:name
		ADDED from src/main/AndroidManifest.xml:111:19-49
intent-filter#android.intent.action.BOOT_COMPLETED+android.intent.action.MY_PACKAGE_REPLACED
ADDED from src/main/AndroidManifest.xml:112:13-115:29
	android:priority
		ADDED from src/main/AndroidManifest.xml:112:28-50
action#android.intent.action.BOOT_COMPLETED
ADDED from src/main/AndroidManifest.xml:113:17-79
	android:name
		ADDED from src/main/AndroidManifest.xml:113:25-76
action#android.intent.action.MY_PACKAGE_REPLACED
ADDED from src/main/AndroidManifest.xml:114:17-84
	android:name
		ADDED from src/main/AndroidManifest.xml:114:25-81
activity#de.blinkt.openvpn.activities.ConfigConverter
ADDED from src/main/AndroidManifest.xml:118:9-163:20
	android:label
		ADDED from src/main/AndroidManifest.xml:121:13-48
	android:excludeFromRecents
		ADDED from src/main/AndroidManifest.xml:120:13-46
	tools:ignore
		ADDED from src/main/AndroidManifest.xml:124:13-44
	android:uiOptions
		ADDED from src/main/AndroidManifest.xml:123:13-57
	android:taskAffinity
		ADDED from src/main/AndroidManifest.xml:122:13-52
	android:name
		ADDED from src/main/AndroidManifest.xml:119:13-55
intent-filter#android.intent.action.VIEW+android.intent.category.BROWSABLE+android.intent.category.DEFAULT
ADDED from src/main/AndroidManifest.xml:125:13-134:29
	android:label
		ADDED from src/main/AndroidManifest.xml:126:17-54
	tools:ignore
		ADDED from src/main/AndroidManifest.xml:127:17-47
action#android.intent.action.VIEW
ADDED from src/main/AndroidManifest.xml:128:17-69
	android:name
		ADDED from src/main/AndroidManifest.xml:128:25-66
category#android.intent.category.DEFAULT
ADDED from src/main/AndroidManifest.xml:130:17-76
	android:name
		ADDED from src/main/AndroidManifest.xml:130:27-73
data
ADDED from src/main/AndroidManifest.xml:133:17-74
	android:host
		ADDED from src/main/AndroidManifest.xml:156:23-39
	android:scheme
		ADDED from src/main/AndroidManifest.xml:154:23-44
	android:pathPattern
		ADDED from src/main/AndroidManifest.xml:157:23-64
	android:mimeType
		ADDED from src/main/AndroidManifest.xml:133:23-71
activity#de.blinkt.openvpn.LaunchVPN
ADDED from src/main/AndroidManifest.xml:164:9-177:20
	android:label
		ADDED from src/main/AndroidManifest.xml:168:13-53
	android:excludeFromRecents
		ADDED from src/main/AndroidManifest.xml:167:13-46
	android:autoRemoveFromRecents
		ADDED from src/main/AndroidManifest.xml:166:13-49
	tools:ignore
		ADDED from src/main/AndroidManifest.xml:171:13-44
	android:theme
		ADDED from src/main/AndroidManifest.xml:170:13-49
	android:taskAffinity
		ADDED from src/main/AndroidManifest.xml:169:13-46
	android:name
		ADDED from src/main/AndroidManifest.xml:165:13-38
intent-filter#android.intent.action.MAIN+android.intent.category.DEFAULT
ADDED from src/main/AndroidManifest.xml:172:13-176:29
activity#de.blinkt.openvpn.api.Intents
ADDED from src/main/AndroidManifest.xml:178:9-191:20
	android:label
		ADDED from src/main/AndroidManifest.xml:182:13-53
	android:excludeFromRecents
		ADDED from src/main/AndroidManifest.xml:181:13-46
	android:autoRemoveFromRecents
		ADDED from src/main/AndroidManifest.xml:180:13-49
	tools:ignore
		ADDED from src/main/AndroidManifest.xml:185:13-44
	android:theme
		ADDED from src/main/AndroidManifest.xml:184:13-49
	android:taskAffinity
		ADDED from src/main/AndroidManifest.xml:183:13-46
	android:name
		ADDED from src/main/AndroidManifest.xml:179:13-40
activity#de.blinkt.openvpn.activities.CreateShortcuts
ADDED from src/main/AndroidManifest.xml:192:9-203:20
	android:label
		ADDED from src/main/AndroidManifest.xml:195:13-49
	android:excludeFromRecents
		ADDED from src/main/AndroidManifest.xml:194:13-46
	android:theme
		ADDED from src/main/AndroidManifest.xml:197:13-85
	android:taskAffinity
		ADDED from src/main/AndroidManifest.xml:196:13-52
	android:name
		ADDED from src/main/AndroidManifest.xml:193:13-55
intent-filter#android.intent.action.CREATE_SHORTCUT+android.intent.category.DEFAULT
ADDED from src/main/AndroidManifest.xml:198:13-202:29
action#android.intent.action.CREATE_SHORTCUT
ADDED from src/main/AndroidManifest.xml:199:17-80
	android:name
		ADDED from src/main/AndroidManifest.xml:199:25-77
provider#de.blinkt.openvpn.FileProvider
ADDED from src/main/AndroidManifest.xml:205:9-210:54
	android:grantUriPermissions
		ADDED from src/main/AndroidManifest.xml:209:13-47
	android:authorities
		ADDED from src/main/AndroidManifest.xml:207:13-65
	android:exported
		ADDED from src/main/AndroidManifest.xml:208:13-36
	tools:ignore
		ADDED from src/main/AndroidManifest.xml:210:13-51
	android:name
		ADDED from src/main/AndroidManifest.xml:206:13-41
activity#de.blinkt.openvpn.activities.OpenSSLSpeed
ADDED from src/main/AndroidManifest.xml:219:9-226:20
	android:parentActivityName
		ADDED from src/main/AndroidManifest.xml:222:13-66
	android:label
		ADDED from src/main/AndroidManifest.xml:221:13-65
	android:name
		ADDED from src/main/AndroidManifest.xml:220:13-52
meta-data#android.support.PARENT_ACTIVITY
ADDED from src/main/AndroidManifest.xml:223:13-225:77
	android:value
		ADDED from src/main/AndroidManifest.xml:225:17-74
	android:name
		ADDED from src/main/AndroidManifest.xml:224:17-63
activity#de.blinkt.openvpn.api.RemoteAction
ADDED from src/main/AndroidManifest.xml:227:9-229:15
	android:name
		ADDED from src/main/AndroidManifest.xml:228:13-45
activity-alias#de.blinkt.openvpn.api.DisconnectVPN
ADDED from src/main/AndroidManifest.xml:230:9-233:58
	android:exported
		ADDED from src/main/AndroidManifest.xml:231:13-36
	android:targetActivity
		ADDED from src/main/AndroidManifest.xml:233:13-55
	android:name
		ADDED from src/main/AndroidManifest.xml:232:13-46
uses-sdk
INJECTED from src/main/AndroidManifest.xml reason: use-sdk injection requested
INJECTED from src/main/AndroidManifest.xml
INJECTED from src/main/AndroidManifest.xml
MERGED from [com.android.support.constraint:constraint-layout:1.0.2] AndroidManifest.xml:5:5-7:41
MERGED from [com.android.support.constraint:constraint-layout:1.0.2] AndroidManifest.xml:5:5-7:41
MERGED from [com.android.support:cardview-v7:27.0.2] AndroidManifest.xml:20:5-44
MERGED from [com.android.support:cardview-v7:27.0.2] AndroidManifest.xml:20:5-44
MERGED from [com.android.support:recyclerview-v7:27.0.2] AndroidManifest.xml:20:5-44
MERGED from [com.android.support:recyclerview-v7:27.0.2] AndroidManifest.xml:20:5-44
MERGED from [com.android.support:support-core-ui:27.0.2] AndroidManifest.xml:20:5-44
MERGED from [com.android.support:support-core-ui:27.0.2] AndroidManifest.xml:20:5-44
MERGED from [com.android.support:support-compat:27.0.2] AndroidManifest.xml:20:5-44
MERGED from [com.android.support:support-compat:27.0.2] AndroidManifest.xml:20:5-44
MERGED from [android.arch.lifecycle:runtime:1.0.3] AndroidManifest.xml:20:5-22:41
MERGED from [android.arch.lifecycle:runtime:1.0.3] AndroidManifest.xml:20:5-22:41
INJECTED from src/main/AndroidManifest.xml
INJECTED from src/main/AndroidManifest.xml
	android:targetSdkVersion
		INJECTED from src/main/AndroidManifest.xml
		ADDED from src/main/AndroidManifest.xml
		INJECTED from src/main/AndroidManifest.xml
	android:minSdkVersion
		INJECTED from src/main/AndroidManifest.xml
		ADDED from src/main/AndroidManifest.xml
		INJECTED from src/main/AndroidManifest.xml